2024-04-15 21:45:03.398 - DBeaver 24.0.1.202403241413 is starting
2024-04-15 21:45:03.399 - OS: Windows 10 10.0 (amd64)
2024-04-15 21:45:03.399 - Java version: 17.0.6 by Eclipse Adoptium (64bit)
2024-04-15 21:45:03.400 - Install path: 'C:\web_1900_yhj\8. java-spring-sw\resource\dbeaver-ce-24.0.1-win32.win32.x86_64\dbeaver'
2024-04-15 21:45:03.400 - Instance path: 'file:/C:/web_1900_yhj/8. java-spring-sw/workspace/dbeaver/'
2024-04-15 21:45:03.401 - Memory available 64Mb/1024Mb
2024-04-15 21:45:03.413 - Create display
2024-04-15 21:45:03.515 - Initialize desktop platform...
2024-04-15 21:45:03.658 - BounceCastle bundle found. Use JCE provider BC
> Start Core File Systems [org.eclipse.core.filesystem 1.10.200.v20231102-0934]
> Start Core Resource Management [org.eclipse.core.resources 3.20.0.v20231102-0934]
> Start 팀 지원 핵심 [org.eclipse.team.core 3.10.200.v20231106-1240]
> Start DBeaver UI Navigator [org.jkiss.dbeaver.ui.navigator 1.0.127.202403241413]
2024-04-15 21:45:04.044 - Initialize base platform...
2024-04-15 21:45:04.069 - Platform initialized (554ms)
> Start DBeaver UI Editors - Base [org.jkiss.dbeaver.ui.editors.base 1.0.127.202403241413]
2024-04-15 21:45:04.112 - Starting instance server at http://localhost:53952
2024-04-15 21:45:04.125 - Run workbench
> Start Eclipse e4 작업영역 SWT [org.eclipse.e4.ui.workbench.swt 0.17.200.v20231030-2045]
> Start Eclipse Application Services [org.eclipse.e4.core.services 2.4.200.v20231103-2012]
> Start Eclipse UI Application Services [org.eclipse.e4.ui.services 1.6.200.v20231030-2045]
> Start Eclipse e4 Progress View [org.eclipse.e4.ui.progress 0.4.200.v20231030-2045]
> Start Eclipse Bindings Support [org.eclipse.e4.ui.bindings 0.14.200.v20231030-2045]
> Start Eclipse e4 core commands [org.eclipse.e4.core.commands 1.1.200.v20231108-1058]
> Start EMF XML/XMI Persistence [org.eclipse.emf.ecore.xmi 2.36.0.v20231002-1156]
> Start Eclipse CSS SWT Theme Support [org.eclipse.e4.ui.css.swt.theme 0.14.200.v20230913-1724]
> Start Eclipse e4 작업영역 기능 추가 [org.eclipse.e4.ui.workbench.addons.swt 1.5.200.v20231106-1600]
> Start Eclipse e4 작업영역 SWT 렌더러 [org.eclipse.e4.ui.workbench.renderers.swt 0.16.200.v20231030-2045]
> Start Eclipse Dependency Injection Extensions [org.eclipse.e4.core.di.extensions 0.18.100.v20231103-2012]
> Start Eclipse CSS SWT Support [org.eclipse.e4.ui.css.swt 0.15.200.v20231025-0632]
> Start jna [com.sun.jna 5.13.0.v20230812-1000]
2024-04-15 21:45:09.358 - Configure workbench window
> Start DBeaver SQL Model [org.jkiss.dbeaver.model.sql 1.0.117.202403241413]
2024-04-15 21:45:09.489 - Total database drivers: 112 (112)
> Start 도움말 시스템 코어 [org.eclipse.help 3.10.200.v20231106-1240]
2024-04-15 21:45:09.593 - Create actions
2024-04-15 21:45:09.599 - Disable Eclipse action set 'org.eclipse.ui.edit.text.actionSet.annotationNavigation'
2024-04-15 21:45:09.599 - Disable Eclipse action set 'org.eclipse.ui.WorkingSetActionSet'
2024-04-15 21:45:09.600 - Disable Eclipse action set 'org.eclipse.ui.actionSet.openFiles'
2024-04-15 21:45:09.903 - Initialize workbench window
2024-04-15 21:45:09.908 - Finish initialization
> Start 기본 문서 편집기 [org.eclipse.ui.editors 3.17.100.v20231106-1600]
> Start 텍스트 편집기 프레임워크 [org.eclipse.ui.workbench.texteditor 3.17.200.v20231106-1600]
> Start DBeaver UI Editors - Data [org.jkiss.dbeaver.ui.editors.data 1.0.127.202403241413]
Warning: NLS unused message: actions_navigator__objects in: org.jkiss.dbeaver.ui.editors.sql.internal.SQLEditorMessages
> Start DBeaver UI Editors - SQL [org.jkiss.dbeaver.ui.editors.sql 1.0.127.202403241413]
> Start DBeaver SQL Terminal [org.jkiss.dbeaver.ui.editors.sql.terminal 1.0.103.202403241413]
> Start 핵심 비교 지원 [org.eclipse.compare.core 3.8.300.v20231106-1240]
> Start 인터넷 연결 관리 사용자 인터페이스 [org.eclipse.ui.net 1.5.200.v20231106-1240]
> Start Internet Connection Management [org.eclipse.core.net 1.5.200.v20231106-1240]
> Start DBeaver Sample Database [org.jkiss.dbeaver.ext.sample.database 1.0.164.202403241413]
> Start DBeaver Tip of the day [org.jkiss.dbeaver.ext.ui.tipoftheday 1.0.133.202403241413]
> Start GEF Classic Draw2d [org.eclipse.draw2d 3.14.100.202311222042]
> Start GEF Classic GEF (MVC) [org.eclipse.gef 3.16.0.202311222042]
> Start DBeaver ERD UI [org.jkiss.dbeaver.erd.ui 3.0.87.202403241413]
> Start DBeaver ERD Model [org.jkiss.dbeaver.erd.model 1.0.87.202403241413]
> Start DBeaver UI Editors - Connections [org.jkiss.dbeaver.ui.editors.connection 1.0.118.202403241413]
> Start 콘솔 [org.eclipse.ui.console 3.13.100.v20230914-0751]
> Start 디버그 핵심 [org.eclipse.debug.core 3.21.200.v20231021-1513]
2024-04-15 21:45:12.206 - Connect with 'localhost' (oracle_thin-18edce667dd-41431b8a780a61f6)
> Start DBeaver JDBC Model [org.jkiss.dbeaver.model.jdbc 1.0.20.202403241413]
> Start DBeaver Oracle Model [org.jkiss.dbeaver.ext.oracle 2.1.212.202403241413]
2024-04-15 21:45:12.233 - Execution context opened (localhost; Main; 0)
> Start DBeaver SQL Language Semantic Model [org.jkiss.dbeaver.model.lsm 1.0.22.202403241413]
2024-04-15 21:45:12.546 - Execution context opened (localhost; Metadata; 1)
2024-04-15 21:45:12.607 - Connected (oracle_thin-18edce667dd-41431b8a780a61f6, Oracle JDBC driver [11.2.0.2.0])
2024-04-15 21:45:12.610 - Execution context opened (localhost; SQLEditor <Script.sql>; 2)
> Start DBeaver Tasks - Native Tools UI [org.jkiss.dbeaver.tasks.native.ui 1.0.105.202403241413]
> Start DBeaver Oracle UI [org.jkiss.dbeaver.ext.oracle.ui 1.0.114.202403241413]
> Start DBeaver Tasks - General UI [org.jkiss.dbeaver.tasks.ui 1.0.105.202403241413]
2024-04-15 21:45:30.212 - Execution context opened (localhost; SQLEditor <Script.sql>; 3)
2024-04-15 21:45:52.634 - java.lang.NullPointerException: Cannot invoke "org.jkiss.dbeaver.model.stm.STMTreeNode.getNodeName()" because "node" is null
java.lang.NullPointerException: Cannot invoke "org.jkiss.dbeaver.model.stm.STMTreeNode.getNodeName()" because "node" is null
	at org.jkiss.dbeaver.ui.editors.sql.semantics.SQLQueryModelRecognizer.collectIdentifier(SQLQueryModelRecognizer.java:863)
	at org.jkiss.dbeaver.ui.editors.sql.semantics.SQLQueryModelRecognizer.collectQualifiedName(SQLQueryModelRecognizer.java:952)
	at org.jkiss.dbeaver.ui.editors.sql.semantics.SQLQueryModelRecognizer.collectTableName(SQLQueryModelRecognizer.java:933)
	at org.jkiss.dbeaver.ui.editors.sql.semantics.SQLQueryModelRecognizer.traverseForIdentifiers(SQLQueryModelRecognizer.java:457)
	at org.jkiss.dbeaver.ui.editors.sql.semantics.SQLQueryModelRecognizer.recognizeQuery(SQLQueryModelRecognizer.java:667)
	at org.jkiss.dbeaver.ui.editors.sql.semantics.SQLBackgroundParsingJob.doWork(SQLBackgroundParsingJob.java:408)
	at org.jkiss.dbeaver.ui.editors.sql.semantics.SQLBackgroundParsingJob$1.run(SQLBackgroundParsingJob.java:71)
	at org.jkiss.dbeaver.model.runtime.AbstractJob.run(AbstractJob.java:114)
	at org.eclipse.core.internal.jobs.Worker.run(Worker.java:63)
2024-04-15 21:47:59.032 - java.lang.NullPointerException: Cannot invoke "org.jkiss.dbeaver.model.stm.STMTreeNode.getNodeName()" because "node" is null
java.lang.NullPointerException: Cannot invoke "org.jkiss.dbeaver.model.stm.STMTreeNode.getNodeName()" because "node" is null
	at org.jkiss.dbeaver.ui.editors.sql.semantics.SQLQueryModelRecognizer.collectIdentifier(SQLQueryModelRecognizer.java:863)
	at org.jkiss.dbeaver.ui.editors.sql.semantics.SQLQueryModelRecognizer.collectQualifiedName(SQLQueryModelRecognizer.java:952)
	at org.jkiss.dbeaver.ui.editors.sql.semantics.SQLQueryModelRecognizer.collectTableName(SQLQueryModelRecognizer.java:933)
	at org.jkiss.dbeaver.ui.editors.sql.semantics.SQLQueryModelRecognizer.traverseForIdentifiers(SQLQueryModelRecognizer.java:457)
	at org.jkiss.dbeaver.ui.editors.sql.semantics.SQLQueryModelRecognizer.recognizeQuery(SQLQueryModelRecognizer.java:667)
	at org.jkiss.dbeaver.ui.editors.sql.semantics.SQLBackgroundParsingJob.doWork(SQLBackgroundParsingJob.java:408)
	at org.jkiss.dbeaver.ui.editors.sql.semantics.SQLBackgroundParsingJob$1.run(SQLBackgroundParsingJob.java:71)
	at org.jkiss.dbeaver.model.runtime.AbstractJob.run(AbstractJob.java:114)
	at org.eclipse.core.internal.jobs.Worker.run(Worker.java:63)
> Start DBeaver Data Transfer [org.jkiss.dbeaver.data.transfer 2.0.111.202403241413]
2024-04-15 21:49:02.577 - Error binding callable statement parameters from metadata: 지원되지 않는 기능입니다
2024-04-15 21:49:02.577 - Error obtaining output parameters from metadata: 지원되지 않는 기능입니다
2024-04-15 21:49:02.577 - Can't obtain procedure metadata nor jdbc metadata
2024-04-15 21:49:03.001 - SQL Error [907] [42000]: ORA-00907: missing right parenthesis


Error position: line: 16 pos: 216
org.jkiss.dbeaver.model.sql.DBSQLException: SQL Error [907] [42000]: ORA-00907: missing right parenthesis

	at org.jkiss.dbeaver.model.impl.jdbc.exec.JDBCStatementImpl.executeStatement(JDBCStatementImpl.java:133)
	at org.jkiss.dbeaver.ui.editors.sql.execute.SQLQueryJob.executeStatement(SQLQueryJob.java:614)
	at org.jkiss.dbeaver.ui.editors.sql.execute.SQLQueryJob.lambda$2(SQLQueryJob.java:505)
	at org.jkiss.dbeaver.model.exec.DBExecUtils.tryExecuteRecover(DBExecUtils.java:191)
	at org.jkiss.dbeaver.ui.editors.sql.execute.SQLQueryJob.executeSingleQuery(SQLQueryJob.java:524)
	at org.jkiss.dbeaver.ui.editors.sql.execute.SQLQueryJob.extractData(SQLQueryJob.java:976)
	at org.jkiss.dbeaver.ui.editors.sql.SQLEditor$QueryResultsContainer.readData(SQLEditor.java:4133)
	at org.jkiss.dbeaver.ui.controls.resultset.ResultSetJobDataRead.lambda$0(ResultSetJobDataRead.java:123)
	at org.jkiss.dbeaver.model.exec.DBExecUtils.tryExecuteRecover(DBExecUtils.java:191)
	at org.jkiss.dbeaver.ui.controls.resultset.ResultSetJobDataRead.run(ResultSetJobDataRead.java:121)
	at org.jkiss.dbeaver.ui.controls.resultset.ResultSetViewer$ResultSetDataPumpJob.run(ResultSetViewer.java:5148)
	at org.jkiss.dbeaver.model.runtime.AbstractJob.run(AbstractJob.java:114)
	at org.eclipse.core.internal.jobs.Worker.run(Worker.java:63)
Caused by: java.sql.SQLSyntaxErrorException: ORA-00907: missing right parenthesis

	at oracle.jdbc.driver.T4CTTIoer.processError(T4CTTIoer.java:440)
	at oracle.jdbc.driver.T4CTTIoer.processError(T4CTTIoer.java:396)
	at oracle.jdbc.driver.T4C8Oall.processError(T4C8Oall.java:837)
	at oracle.jdbc.driver.T4CTTIfun.receive(T4CTTIfun.java:445)
	at oracle.jdbc.driver.T4CTTIfun.doRPC(T4CTTIfun.java:191)
	at oracle.jdbc.driver.T4C8Oall.doOALL(T4C8Oall.java:523)
	at oracle.jdbc.driver.T4CStatement.doOall8(T4CStatement.java:193)
	at oracle.jdbc.driver.T4CStatement.executeForRows(T4CStatement.java:999)
	at oracle.jdbc.driver.OracleStatement.doExecuteWithTimeout(OracleStatement.java:1315)
	at oracle.jdbc.driver.OracleStatement.executeInternal(OracleStatement.java:1890)
	at oracle.jdbc.driver.OracleStatement.execute(OracleStatement.java:1855)
	at oracle.jdbc.driver.OracleStatementWrapper.execute(OracleStatementWrapper.java:304)
	at org.jkiss.dbeaver.model.impl.jdbc.exec.JDBCStatementImpl.execute(JDBCStatementImpl.java:330)
	at org.jkiss.dbeaver.model.impl.jdbc.exec.JDBCStatementImpl.executeStatement(JDBCStatementImpl.java:131)
	... 12 more
2024-04-15 21:49:43.008 - Error binding callable statement parameters from metadata: 지원되지 않는 기능입니다
2024-04-15 21:49:43.009 - Error obtaining output parameters from metadata: 지원되지 않는 기능입니다
2024-04-15 21:49:43.009 - Can't obtain procedure metadata nor jdbc metadata
2024-04-15 21:49:43.081 - SQL Error [907] [42000]: ORA-00907: missing right parenthesis


Error position: line: 16 pos: 216
org.jkiss.dbeaver.model.sql.DBSQLException: SQL Error [907] [42000]: ORA-00907: missing right parenthesis

	at org.jkiss.dbeaver.model.impl.jdbc.exec.JDBCStatementImpl.executeStatement(JDBCStatementImpl.java:133)
	at org.jkiss.dbeaver.ui.editors.sql.execute.SQLQueryJob.executeStatement(SQLQueryJob.java:614)
	at org.jkiss.dbeaver.ui.editors.sql.execute.SQLQueryJob.lambda$2(SQLQueryJob.java:505)
	at org.jkiss.dbeaver.model.exec.DBExecUtils.tryExecuteRecover(DBExecUtils.java:191)
	at org.jkiss.dbeaver.ui.editors.sql.execute.SQLQueryJob.executeSingleQuery(SQLQueryJob.java:524)
	at org.jkiss.dbeaver.ui.editors.sql.execute.SQLQueryJob.extractData(SQLQueryJob.java:976)
	at org.jkiss.dbeaver.ui.editors.sql.SQLEditor$QueryResultsContainer.readData(SQLEditor.java:4133)
	at org.jkiss.dbeaver.ui.controls.resultset.ResultSetJobDataRead.lambda$0(ResultSetJobDataRead.java:123)
	at org.jkiss.dbeaver.model.exec.DBExecUtils.tryExecuteRecover(DBExecUtils.java:191)
	at org.jkiss.dbeaver.ui.controls.resultset.ResultSetJobDataRead.run(ResultSetJobDataRead.java:121)
	at org.jkiss.dbeaver.ui.controls.resultset.ResultSetViewer$ResultSetDataPumpJob.run(ResultSetViewer.java:5148)
	at org.jkiss.dbeaver.model.runtime.AbstractJob.run(AbstractJob.java:114)
	at org.eclipse.core.internal.jobs.Worker.run(Worker.java:63)
Caused by: java.sql.SQLSyntaxErrorException: ORA-00907: missing right parenthesis

	at oracle.jdbc.driver.T4CTTIoer.processError(T4CTTIoer.java:440)
	at oracle.jdbc.driver.T4CTTIoer.processError(T4CTTIoer.java:396)
	at oracle.jdbc.driver.T4C8Oall.processError(T4C8Oall.java:837)
	at oracle.jdbc.driver.T4CTTIfun.receive(T4CTTIfun.java:445)
	at oracle.jdbc.driver.T4CTTIfun.doRPC(T4CTTIfun.java:191)
	at oracle.jdbc.driver.T4C8Oall.doOALL(T4C8Oall.java:523)
	at oracle.jdbc.driver.T4CStatement.doOall8(T4CStatement.java:193)
	at oracle.jdbc.driver.T4CStatement.executeForRows(T4CStatement.java:999)
	at oracle.jdbc.driver.OracleStatement.doExecuteWithTimeout(OracleStatement.java:1315)
	at oracle.jdbc.driver.OracleStatement.executeInternal(OracleStatement.java:1890)
	at oracle.jdbc.driver.OracleStatement.execute(OracleStatement.java:1855)
	at oracle.jdbc.driver.OracleStatementWrapper.execute(OracleStatementWrapper.java:304)
	at org.jkiss.dbeaver.model.impl.jdbc.exec.JDBCStatementImpl.execute(JDBCStatementImpl.java:330)
	at org.jkiss.dbeaver.model.impl.jdbc.exec.JDBCStatementImpl.executeStatement(JDBCStatementImpl.java:131)
	... 12 more
2024-04-15 21:50:58.911 - Error resolving object
org.jkiss.dbeaver.DBException: TABLE 'TBL_STUDENT' not found in schema 'HR'
	at org.jkiss.dbeaver.ext.oracle.model.OracleStructureAssistant$2.resolveObject(OracleStructureAssistant.java:344)
	at org.jkiss.dbeaver.ui.editors.sql.dialogs.SuggestionInformationControl$1.run(SuggestionInformationControl.java:130)
	at org.jkiss.dbeaver.model.runtime.AbstractJob.run(AbstractJob.java:114)
	at org.eclipse.core.internal.jobs.Worker.run(Worker.java:63)
2024-04-15 21:51:54.276 - java.lang.NullPointerException: Cannot invoke "org.jkiss.dbeaver.model.stm.STMTreeNode.getNodeName()" because "node" is null
java.lang.NullPointerException: Cannot invoke "org.jkiss.dbeaver.model.stm.STMTreeNode.getNodeName()" because "node" is null
	at org.jkiss.dbeaver.ui.editors.sql.semantics.SQLQueryModelRecognizer.collectIdentifier(SQLQueryModelRecognizer.java:863)
	at org.jkiss.dbeaver.ui.editors.sql.semantics.SQLQueryModelRecognizer.collectQualifiedName(SQLQueryModelRecognizer.java:952)
	at org.jkiss.dbeaver.ui.editors.sql.semantics.SQLQueryModelRecognizer.collectTableName(SQLQueryModelRecognizer.java:933)
	at org.jkiss.dbeaver.ui.editors.sql.semantics.SQLQueryModelRecognizer.traverseForIdentifiers(SQLQueryModelRecognizer.java:457)
	at org.jkiss.dbeaver.ui.editors.sql.semantics.SQLQueryModelRecognizer.recognizeQuery(SQLQueryModelRecognizer.java:667)
	at org.jkiss.dbeaver.ui.editors.sql.semantics.SQLBackgroundParsingJob.doWork(SQLBackgroundParsingJob.java:408)
	at org.jkiss.dbeaver.ui.editors.sql.semantics.SQLBackgroundParsingJob$1.run(SQLBackgroundParsingJob.java:71)
	at org.jkiss.dbeaver.model.runtime.AbstractJob.run(AbstractJob.java:114)
	at org.eclipse.core.internal.jobs.Worker.run(Worker.java:63)
2024-04-15 21:53:47.352 - SQL Error [902] [42000]: ORA-00902: invalid datatype

org.jkiss.dbeaver.model.sql.DBSQLException: SQL Error [902] [42000]: ORA-00902: invalid datatype

	at org.jkiss.dbeaver.model.impl.jdbc.exec.JDBCStatementImpl.executeStatement(JDBCStatementImpl.java:133)
	at org.jkiss.dbeaver.ui.editors.sql.execute.SQLQueryJob.executeStatement(SQLQueryJob.java:614)
	at org.jkiss.dbeaver.ui.editors.sql.execute.SQLQueryJob.lambda$2(SQLQueryJob.java:505)
	at org.jkiss.dbeaver.model.exec.DBExecUtils.tryExecuteRecover(DBExecUtils.java:191)
	at org.jkiss.dbeaver.ui.editors.sql.execute.SQLQueryJob.executeSingleQuery(SQLQueryJob.java:524)
	at org.jkiss.dbeaver.ui.editors.sql.execute.SQLQueryJob.extractData(SQLQueryJob.java:976)
	at org.jkiss.dbeaver.ui.editors.sql.SQLEditor$QueryResultsContainer.readData(SQLEditor.java:4133)
	at org.jkiss.dbeaver.ui.controls.resultset.ResultSetJobDataRead.lambda$0(ResultSetJobDataRead.java:123)
	at org.jkiss.dbeaver.model.exec.DBExecUtils.tryExecuteRecover(DBExecUtils.java:191)
	at org.jkiss.dbeaver.ui.controls.resultset.ResultSetJobDataRead.run(ResultSetJobDataRead.java:121)
	at org.jkiss.dbeaver.ui.controls.resultset.ResultSetViewer$ResultSetDataPumpJob.run(ResultSetViewer.java:5148)
	at org.jkiss.dbeaver.model.runtime.AbstractJob.run(AbstractJob.java:114)
	at org.eclipse.core.internal.jobs.Worker.run(Worker.java:63)
Caused by: java.sql.SQLSyntaxErrorException: ORA-00902: invalid datatype

	at oracle.jdbc.driver.T4CTTIoer.processError(T4CTTIoer.java:440)
	at oracle.jdbc.driver.T4CTTIoer.processError(T4CTTIoer.java:396)
	at oracle.jdbc.driver.T4C8Oall.processError(T4C8Oall.java:837)
	at oracle.jdbc.driver.T4CTTIfun.receive(T4CTTIfun.java:445)
	at oracle.jdbc.driver.T4CTTIfun.doRPC(T4CTTIfun.java:191)
	at oracle.jdbc.driver.T4C8Oall.doOALL(T4C8Oall.java:523)
	at oracle.jdbc.driver.T4CStatement.doOall8(T4CStatement.java:193)
	at oracle.jdbc.driver.T4CStatement.executeForRows(T4CStatement.java:999)
	at oracle.jdbc.driver.OracleStatement.doExecuteWithTimeout(OracleStatement.java:1315)
	at oracle.jdbc.driver.OracleStatement.executeInternal(OracleStatement.java:1890)
	at oracle.jdbc.driver.OracleStatement.execute(OracleStatement.java:1855)
	at oracle.jdbc.driver.OracleStatementWrapper.execute(OracleStatementWrapper.java:304)
	at org.jkiss.dbeaver.model.impl.jdbc.exec.JDBCStatementImpl.execute(JDBCStatementImpl.java:330)
	at org.jkiss.dbeaver.model.impl.jdbc.exec.JDBCStatementImpl.executeStatement(JDBCStatementImpl.java:131)
	... 12 more
2024-04-15 21:53:47.513 - Error binding callable statement parameters from metadata: 지원되지 않는 기능입니다
2024-04-15 21:53:47.513 - Error obtaining output parameters from metadata: 지원되지 않는 기능입니다
2024-04-15 21:53:47.513 - Can't obtain procedure metadata nor jdbc metadata
2024-04-15 21:54:38.865 - Can't get column 'PLUGGED_IN': 부적합한 열 이름
> Start ICU4J Base [com.ibm.icu.base 58.2.0.v20170418-1837]
2024-04-15 21:54:40.251 - Object 'BIN$/BODNIMSR3yI33bf1eb5oQ==$0' owner 'BIN$NK7jBHTYQ8Co0K+XmSqPyg==$0' not found
2024-04-15 21:54:40.252 - Object 'BIN$1lWyKp72Stuot6xljYmTKg==$0' owner 'BIN$/jeQDveLTruy0Ho791gg6g==$0' not found
2024-04-15 21:54:40.252 - Object 'BIN$238WKX8aSX+ZxuxjcyXQhQ==$0' owner 'BIN$oW+zeHh9T3aI334i59ZVuw==$0' not found
2024-04-15 21:54:40.252 - Object 'BIN$238WKX8aSX+ZxuxjcyXQhQ==$0' owner 'BIN$oW+zeHh9T3aI334i59ZVuw==$0' not found
2024-04-15 21:54:40.252 - Object 'BIN$31ACG8PfRU6Fv7EZI3jqWA==$0' owner 'BIN$+d9o1VTCT3W6sUl+7+lvFg==$0' not found
2024-04-15 21:54:40.252 - Object 'BIN$3enx+wqpRkmCUJwZkiWCcg==$0' owner 'BIN$26xHWnD8RJixq7r9hUkqlA==$0' not found
2024-04-15 21:54:40.252 - Object 'BIN$7lpsGCHITC6G0decCcJ8eA==$0' owner 'BIN$Pu7KsWxSQV+sm9haN3RRqw==$0' not found
2024-04-15 21:54:40.252 - Object 'BIN$7zQ9QD2WTOCIVkAXte125A==$0' owner 'BIN$vHfBhcqGQvqYKa6jCvJ65Q==$0' not found
2024-04-15 21:54:40.252 - Object 'BIN$9AeTeNECSDKm1UEU79Hlhw==$0' owner 'BIN$0F9DIs/VRMe0x2+MYGAWEg==$0' not found
2024-04-15 21:54:40.252 - Object 'BIN$9XO1cYrKQnyXzO5ujBFDeg==$0' owner 'BIN$P2oVvw4uSoOt3iuKiTImdw==$0' not found
2024-04-15 21:54:40.253 - Object 'BIN$9kRG1tGuSHqOn5joyx6qog==$0' owner 'BIN$TXhXEyZlSq2rFoYND/lOOg==$0' not found
2024-04-15 21:54:40.253 - Object 'BIN$9kRG1tGuSHqOn5joyx6qog==$0' owner 'BIN$TXhXEyZlSq2rFoYND/lOOg==$0' not found
2024-04-15 21:54:40.253 - Object 'BIN$A9PLg3alRQqEZqSQRV72Eg==$0' owner 'BIN$aI8Ktk5+Q0abcK553VU6Vg==$0' not found
2024-04-15 21:54:40.253 - Object 'BIN$BWxmBJRLTiWz7eaSuOAvWg==$0' owner 'BIN$b2b9mujOSHSQuw/szlcVtg==$0' not found
2024-04-15 21:54:40.253 - Object 'BIN$ByrlwQ0lSIWtriihT8s9QA==$0' owner 'BIN$oW+zeHh9T3aI334i59ZVuw==$0' not found
2024-04-15 21:54:40.253 - Object 'BIN$CMlYLdhuQU2/fnKNk6kw/A==$0' owner 'BIN$aI8Ktk5+Q0abcK553VU6Vg==$0' not found
2024-04-15 21:54:40.253 - Object 'BIN$DejGOn54TtaZf5ut2QoL0Q==$0' owner 'BIN$/jeQDveLTruy0Ho791gg6g==$0' not found
2024-04-15 21:54:40.253 - Object 'BIN$Dt2nSa4GRgegaXcN+l6j5Q==$0' owner 'BIN$+d9o1VTCT3W6sUl+7+lvFg==$0' not found
2024-04-15 21:54:40.253 - Object 'BIN$E1XUS6ykRcGriB8vVZgFoQ==$0' owner 'BIN$9XFU0uSRRQ+cim0359oOtQ==$0' not found
2024-04-15 21:54:40.253 - Object 'BIN$G+bS/GwbSDCIYAcX69db6A==$0' owner 'BIN$5N6tymVgSl2tMfP0peFZmg==$0' not found
2024-04-15 21:54:40.253 - Object 'BIN$HmEEVAR6T9WAOMWCw0su5A==$0' owner 'BIN$Pu7KsWxSQV+sm9haN3RRqw==$0' not found
2024-04-15 21:54:40.254 - Object 'BIN$ISNJmUVfQY6okhfZ7gIA+w==$0' owner 'BIN$g1cldF56Ts2BoGluQe7OqQ==$0' not found
2024-04-15 21:54:40.254 - Object 'BIN$KnvBHxJhRN2yfjg0Z/oFgg==$0' owner 'BIN$jhpZpt8mQzC3K5w5qYVDQQ==$0' not found
2024-04-15 21:54:40.254 - Object 'BIN$MrF7Hax/SZe1WjFEfDtr1A==$0' owner 'BIN$oW+zeHh9T3aI334i59ZVuw==$0' not found
2024-04-15 21:54:40.254 - Object 'BIN$OgoX81UMQDiVnC4xjKjJnw==$0' owner 'BIN$P2oVvw4uSoOt3iuKiTImdw==$0' not found
2024-04-15 21:54:40.254 - Object 'BIN$OonKrZwFRfqkWo+s9ME4Nw==$0' owner 'BIN$NK7jBHTYQ8Co0K+XmSqPyg==$0' not found
2024-04-15 21:54:40.254 - Object 'BIN$Qh8JTEW7QsiXQa5d7T2saQ==$0' owner 'BIN$/jeQDveLTruy0Ho791gg6g==$0' not found
2024-04-15 21:54:40.254 - Object 'BIN$RnYpiKMOTBmq6K0HEnRjdQ==$0' owner 'BIN$1g5uPvs8QUG9nmM9wINSag==$0' not found
2024-04-15 21:54:40.254 - Object 'BIN$SQ5p3BQpQDKXCgTX3jwreg==$0' owner 'BIN$hRS+KmxeT8+TZOWNyBuDEA==$0' not found
2024-04-15 21:54:40.254 - Object 'BIN$T3D1hoDbQuCSeNNS11gd2g==$0' owner 'BIN$1g5uPvs8QUG9nmM9wINSag==$0' not found
2024-04-15 21:54:40.254 - Object 'BIN$Tk+q0e3rSdyyXktB9tF12g==$0' owner 'BIN$wugKW+FnSb21EC8Ir5JVZQ==$0' not found
2024-04-15 21:54:40.255 - Object 'BIN$UDHbR+dbRVWnE61gw1wc/Q==$0' owner 'BIN$+quTUERPSyuJjOvkRPZefA==$0' not found
2024-04-15 21:54:40.255 - Object 'BIN$WfJNvPauTnev/L0U1O7ytw==$0' owner 'BIN$/jeQDveLTruy0Ho791gg6g==$0' not found
2024-04-15 21:54:40.255 - Object 'BIN$YngD2o5OQTKZvoCXIBK03A==$0' owner 'BIN$9XFU0uSRRQ+cim0359oOtQ==$0' not found
2024-04-15 21:54:40.255 - Object 'BIN$ZsSZCubTS1qqSV9CtEGzoA==$0' owner 'BIN$26xHWnD8RJixq7r9hUkqlA==$0' not found
2024-04-15 21:54:40.255 - Object 'BIN$advNzKiBTB+ZrXVpoEUElQ==$0' owner 'BIN$9XFU0uSRRQ+cim0359oOtQ==$0' not found
2024-04-15 21:54:40.255 - Object 'BIN$bfpseh39TiKRt6gHrQsfDQ==$0' owner 'BIN$c6q00VmwTISvIQGMd/gVqQ==$0' not found
2024-04-15 21:54:40.255 - Object 'BIN$bpSJ/diAQz+VBu8mcdZ/ZA==$0' owner 'BIN$EB9xGQijTsGA9769gw0vXA==$0' not found
2024-04-15 21:54:40.255 - Object 'BIN$cD7WtpikRnCjehTqgpuu8Q==$0' owner 'BIN$7bZTxYc2SV+B4T8HocKU8w==$0' not found
2024-04-15 21:54:40.255 - Object 'BIN$hRzahY0aR9SXw4JSfKwW4g==$0' owner 'BIN$26xHWnD8RJixq7r9hUkqlA==$0' not found
2024-04-15 21:54:40.255 - Object 'BIN$iKW9mwrAS6WRvqGlPBHYoQ==$0' owner 'BIN$26xHWnD8RJixq7r9hUkqlA==$0' not found
2024-04-15 21:54:40.255 - Object 'BIN$itYWyefwS9S6qaZWQnrs0Q==$0' owner 'BIN$Y1log9kSSIaq22yiYR4WCw==$0' not found
2024-04-15 21:54:40.256 - Object 'BIN$jXSQBd8UR1Cnn8pT5wR5EA==$0' owner 'BIN$aI8Ktk5+Q0abcK553VU6Vg==$0' not found
2024-04-15 21:54:40.256 - Object 'BIN$kIiKSmpXSoq9xtxDRf/0/w==$0' owner 'BIN$oW+zeHh9T3aI334i59ZVuw==$0' not found
2024-04-15 21:54:40.256 - Object 'BIN$l3Yw2YEvT5itfDzWa75Lrg==$0' owner 'BIN$BHeNdxb9SLOFRE9G0iCy2A==$0' not found
2024-04-15 21:54:40.256 - Object 'BIN$llil0us9S4a3QzThqK4bHg==$0' owner 'BIN$Y1log9kSSIaq22yiYR4WCw==$0' not found
2024-04-15 21:54:40.256 - Object 'BIN$lpZL00HFSpKDH0URYQl+Fg==$0' owner 'BIN$/jeQDveLTruy0Ho791gg6g==$0' not found
2024-04-15 21:54:40.256 - Object 'BIN$q2CmAKcPRhm2nKorerwJAQ==$0' owner 'BIN$fJXqC9qHSUC7lx9q3EwUbw==$0' not found
2024-04-15 21:54:40.256 - Object 'BIN$q2CmAKcPRhm2nKorerwJAQ==$0' owner 'BIN$fJXqC9qHSUC7lx9q3EwUbw==$0' not found
2024-04-15 21:54:40.256 - Object 'BIN$tEP8cwaYSlK46dD6WehY9A==$0' owner 'BIN$aI8Ktk5+Q0abcK553VU6Vg==$0' not found
2024-04-15 21:54:40.256 - Object 'BIN$tFwbbpDLRa2rpn6rF0GeJg==$0' owner 'BIN$YsPILjMGR6C6IT9blvHDBw==$0' not found
2024-04-15 21:54:40.256 - Object 'BIN$ujEx+vNIQxqRXS1CZU7Ijw==$0' owner 'BIN$oW+zeHh9T3aI334i59ZVuw==$0' not found
2024-04-15 21:54:40.257 - Object 'BIN$vVgoZ5K/S5KQYK+OU+hsiA==$0' owner 'BIN$26xHWnD8RJixq7r9hUkqlA==$0' not found
2024-04-15 21:54:40.257 - Object 'BIN$wBSdxQG3TK+xp9Zoee0x6Q==$0' owner 'BIN$1g5uPvs8QUG9nmM9wINSag==$0' not found
2024-04-15 21:54:40.257 - Object 'BIN$xcu7i3ZJRuiFImtlIFL+YQ==$0' owner 'BIN$9XFU0uSRRQ+cim0359oOtQ==$0' not found
2024-04-15 21:54:40.257 - Object 'BIN$xsbHeTERRzqDlO7hMwqbqg==$0' owner 'BIN$NK7jBHTYQ8Co0K+XmSqPyg==$0' not found
2024-04-15 21:54:40.257 - Object 'BIN$xutZVrhLSKuN2E/8AffQ6A==$0' owner 'BIN$oW+zeHh9T3aI334i59ZVuw==$0' not found
2024-04-15 21:54:40.257 - Can't get column 'COLUMN_NAMES_NUMS': 부적합한 열 이름
2024-04-15 21:55:15.517 - Execution context closed (localhost, 2)
2024-04-15 21:55:53.887 - java.lang.NullPointerException: Cannot invoke "org.jkiss.dbeaver.model.stm.STMTreeNode.getNodeName()" because "node" is null
java.lang.NullPointerException: Cannot invoke "org.jkiss.dbeaver.model.stm.STMTreeNode.getNodeName()" because "node" is null
	at org.jkiss.dbeaver.ui.editors.sql.semantics.SQLQueryModelRecognizer.collectIdentifier(SQLQueryModelRecognizer.java:863)
	at org.jkiss.dbeaver.ui.editors.sql.semantics.SQLQueryModelRecognizer.collectQualifiedName(SQLQueryModelRecognizer.java:952)
	at org.jkiss.dbeaver.ui.editors.sql.semantics.SQLQueryModelRecognizer.collectTableName(SQLQueryModelRecognizer.java:933)
	at org.jkiss.dbeaver.ui.editors.sql.semantics.SQLQueryModelRecognizer.traverseForIdentifiers(SQLQueryModelRecognizer.java:457)
	at org.jkiss.dbeaver.ui.editors.sql.semantics.SQLQueryModelRecognizer.recognizeQuery(SQLQueryModelRecognizer.java:667)
	at org.jkiss.dbeaver.ui.editors.sql.semantics.SQLBackgroundParsingJob.doWork(SQLBackgroundParsingJob.java:408)
	at org.jkiss.dbeaver.ui.editors.sql.semantics.SQLBackgroundParsingJob$1.run(SQLBackgroundParsingJob.java:71)
	at org.jkiss.dbeaver.model.runtime.AbstractJob.run(AbstractJob.java:114)
	at org.eclipse.core.internal.jobs.Worker.run(Worker.java:63)
2024-04-15 21:56:50.735 - java.lang.NullPointerException: Cannot invoke "org.jkiss.dbeaver.model.stm.STMTreeNode.getNodeName()" because "node" is null
java.lang.NullPointerException: Cannot invoke "org.jkiss.dbeaver.model.stm.STMTreeNode.getNodeName()" because "node" is null
	at org.jkiss.dbeaver.ui.editors.sql.semantics.SQLQueryModelRecognizer.collectIdentifier(SQLQueryModelRecognizer.java:863)
	at org.jkiss.dbeaver.ui.editors.sql.semantics.SQLQueryModelRecognizer.collectQualifiedName(SQLQueryModelRecognizer.java:952)
	at org.jkiss.dbeaver.ui.editors.sql.semantics.SQLQueryModelRecognizer.collectTableName(SQLQueryModelRecognizer.java:933)
	at org.jkiss.dbeaver.ui.editors.sql.semantics.SQLQueryModelRecognizer.traverseForIdentifiers(SQLQueryModelRecognizer.java:457)
	at org.jkiss.dbeaver.ui.editors.sql.semantics.SQLQueryModelRecognizer.recognizeQuery(SQLQueryModelRecognizer.java:667)
	at org.jkiss.dbeaver.ui.editors.sql.semantics.SQLBackgroundParsingJob.doWork(SQLBackgroundParsingJob.java:408)
	at org.jkiss.dbeaver.ui.editors.sql.semantics.SQLBackgroundParsingJob$1.run(SQLBackgroundParsingJob.java:71)
	at org.jkiss.dbeaver.model.runtime.AbstractJob.run(AbstractJob.java:114)
	at org.eclipse.core.internal.jobs.Worker.run(Worker.java:63)
2024-04-15 21:58:16.422 - SQL Error [2270] [42000]: ORA-02270: no matching unique or primary key for this column-list

org.jkiss.dbeaver.model.sql.DBSQLException: SQL Error [2270] [42000]: ORA-02270: no matching unique or primary key for this column-list

	at org.jkiss.dbeaver.model.impl.jdbc.exec.JDBCStatementImpl.executeStatement(JDBCStatementImpl.java:133)
	at org.jkiss.dbeaver.ui.editors.sql.execute.SQLQueryJob.executeStatement(SQLQueryJob.java:614)
	at org.jkiss.dbeaver.ui.editors.sql.execute.SQLQueryJob.lambda$2(SQLQueryJob.java:505)
	at org.jkiss.dbeaver.model.exec.DBExecUtils.tryExecuteRecover(DBExecUtils.java:191)
	at org.jkiss.dbeaver.ui.editors.sql.execute.SQLQueryJob.executeSingleQuery(SQLQueryJob.java:524)
	at org.jkiss.dbeaver.ui.editors.sql.execute.SQLQueryJob.extractData(SQLQueryJob.java:976)
	at org.jkiss.dbeaver.ui.editors.sql.SQLEditor$QueryResultsContainer.readData(SQLEditor.java:4133)
	at org.jkiss.dbeaver.ui.controls.resultset.ResultSetJobDataRead.lambda$0(ResultSetJobDataRead.java:123)
	at org.jkiss.dbeaver.model.exec.DBExecUtils.tryExecuteRecover(DBExecUtils.java:191)
	at org.jkiss.dbeaver.ui.controls.resultset.ResultSetJobDataRead.run(ResultSetJobDataRead.java:121)
	at org.jkiss.dbeaver.ui.controls.resultset.ResultSetViewer$ResultSetDataPumpJob.run(ResultSetViewer.java:5148)
	at org.jkiss.dbeaver.model.runtime.AbstractJob.run(AbstractJob.java:114)
	at org.eclipse.core.internal.jobs.Worker.run(Worker.java:63)
Caused by: java.sql.SQLSyntaxErrorException: ORA-02270: no matching unique or primary key for this column-list

	at oracle.jdbc.driver.T4CTTIoer.processError(T4CTTIoer.java:440)
	at oracle.jdbc.driver.T4CTTIoer.processError(T4CTTIoer.java:396)
	at oracle.jdbc.driver.T4C8Oall.processError(T4C8Oall.java:837)
	at oracle.jdbc.driver.T4CTTIfun.receive(T4CTTIfun.java:445)
	at oracle.jdbc.driver.T4CTTIfun.doRPC(T4CTTIfun.java:191)
	at oracle.jdbc.driver.T4C8Oall.doOALL(T4C8Oall.java:523)
	at oracle.jdbc.driver.T4CStatement.doOall8(T4CStatement.java:193)
	at oracle.jdbc.driver.T4CStatement.executeForRows(T4CStatement.java:999)
	at oracle.jdbc.driver.OracleStatement.doExecuteWithTimeout(OracleStatement.java:1315)
	at oracle.jdbc.driver.OracleStatement.executeInternal(OracleStatement.java:1890)
	at oracle.jdbc.driver.OracleStatement.execute(OracleStatement.java:1855)
	at oracle.jdbc.driver.OracleStatementWrapper.execute(OracleStatementWrapper.java:304)
	at org.jkiss.dbeaver.model.impl.jdbc.exec.JDBCStatementImpl.execute(JDBCStatementImpl.java:330)
	at org.jkiss.dbeaver.model.impl.jdbc.exec.JDBCStatementImpl.executeStatement(JDBCStatementImpl.java:131)
	... 12 more
2024-04-15 21:58:16.529 - Error binding callable statement parameters from metadata: 지원되지 않는 기능입니다
2024-04-15 21:58:16.530 - Error obtaining output parameters from metadata: 지원되지 않는 기능입니다
2024-04-15 21:58:16.530 - Can't obtain procedure metadata nor jdbc metadata
2024-04-15 21:58:24.357 - SQL Error [2270] [42000]: ORA-02270: no matching unique or primary key for this column-list

org.jkiss.dbeaver.model.sql.DBSQLException: SQL Error [2270] [42000]: ORA-02270: no matching unique or primary key for this column-list

	at org.jkiss.dbeaver.model.impl.jdbc.exec.JDBCStatementImpl.executeStatement(JDBCStatementImpl.java:133)
	at org.jkiss.dbeaver.ui.editors.sql.execute.SQLQueryJob.executeStatement(SQLQueryJob.java:614)
	at org.jkiss.dbeaver.ui.editors.sql.execute.SQLQueryJob.lambda$2(SQLQueryJob.java:505)
	at org.jkiss.dbeaver.model.exec.DBExecUtils.tryExecuteRecover(DBExecUtils.java:191)
	at org.jkiss.dbeaver.ui.editors.sql.execute.SQLQueryJob.executeSingleQuery(SQLQueryJob.java:524)
	at org.jkiss.dbeaver.ui.editors.sql.execute.SQLQueryJob.extractData(SQLQueryJob.java:976)
	at org.jkiss.dbeaver.ui.editors.sql.SQLEditor$QueryResultsContainer.readData(SQLEditor.java:4133)
	at org.jkiss.dbeaver.ui.controls.resultset.ResultSetJobDataRead.lambda$0(ResultSetJobDataRead.java:123)
	at org.jkiss.dbeaver.model.exec.DBExecUtils.tryExecuteRecover(DBExecUtils.java:191)
	at org.jkiss.dbeaver.ui.controls.resultset.ResultSetJobDataRead.run(ResultSetJobDataRead.java:121)
	at org.jkiss.dbeaver.ui.controls.resultset.ResultSetViewer$ResultSetDataPumpJob.run(ResultSetViewer.java:5148)
	at org.jkiss.dbeaver.model.runtime.AbstractJob.run(AbstractJob.java:114)
	at org.eclipse.core.internal.jobs.Worker.run(Worker.java:63)
Caused by: java.sql.SQLSyntaxErrorException: ORA-02270: no matching unique or primary key for this column-list

	at oracle.jdbc.driver.T4CTTIoer.processError(T4CTTIoer.java:440)
	at oracle.jdbc.driver.T4CTTIoer.processError(T4CTTIoer.java:396)
	at oracle.jdbc.driver.T4C8Oall.processError(T4C8Oall.java:837)
	at oracle.jdbc.driver.T4CTTIfun.receive(T4CTTIfun.java:445)
	at oracle.jdbc.driver.T4CTTIfun.doRPC(T4CTTIfun.java:191)
	at oracle.jdbc.driver.T4C8Oall.doOALL(T4C8Oall.java:523)
	at oracle.jdbc.driver.T4CStatement.doOall8(T4CStatement.java:193)
	at oracle.jdbc.driver.T4CStatement.executeForRows(T4CStatement.java:999)
	at oracle.jdbc.driver.OracleStatement.doExecuteWithTimeout(OracleStatement.java:1315)
	at oracle.jdbc.driver.OracleStatement.executeInternal(OracleStatement.java:1890)
	at oracle.jdbc.driver.OracleStatement.execute(OracleStatement.java:1855)
	at oracle.jdbc.driver.OracleStatementWrapper.execute(OracleStatementWrapper.java:304)
	at org.jkiss.dbeaver.model.impl.jdbc.exec.JDBCStatementImpl.execute(JDBCStatementImpl.java:330)
	at org.jkiss.dbeaver.model.impl.jdbc.exec.JDBCStatementImpl.executeStatement(JDBCStatementImpl.java:131)
	... 12 more
2024-04-15 21:58:24.468 - Error binding callable statement parameters from metadata: 지원되지 않는 기능입니다
2024-04-15 21:58:24.469 - Error obtaining output parameters from metadata: 지원되지 않는 기능입니다
2024-04-15 21:58:24.469 - Can't obtain procedure metadata nor jdbc metadata
2024-04-15 22:01:15.776 - Object 'BIN$/BODNIMSR3yI33bf1eb5oQ==$0' owner 'BIN$NK7jBHTYQ8Co0K+XmSqPyg==$0' not found
2024-04-15 22:01:15.777 - Object 'BIN$1lWyKp72Stuot6xljYmTKg==$0' owner 'BIN$/jeQDveLTruy0Ho791gg6g==$0' not found
2024-04-15 22:01:15.777 - Object 'BIN$238WKX8aSX+ZxuxjcyXQhQ==$0' owner 'BIN$oW+zeHh9T3aI334i59ZVuw==$0' not found
2024-04-15 22:01:15.777 - Object 'BIN$238WKX8aSX+ZxuxjcyXQhQ==$0' owner 'BIN$oW+zeHh9T3aI334i59ZVuw==$0' not found
2024-04-15 22:01:15.777 - Object 'BIN$31ACG8PfRU6Fv7EZI3jqWA==$0' owner 'BIN$+d9o1VTCT3W6sUl+7+lvFg==$0' not found
2024-04-15 22:01:15.777 - Object 'BIN$3enx+wqpRkmCUJwZkiWCcg==$0' owner 'BIN$26xHWnD8RJixq7r9hUkqlA==$0' not found
2024-04-15 22:01:15.777 - Object 'BIN$7lpsGCHITC6G0decCcJ8eA==$0' owner 'BIN$Pu7KsWxSQV+sm9haN3RRqw==$0' not found
2024-04-15 22:01:15.777 - Object 'BIN$7zQ9QD2WTOCIVkAXte125A==$0' owner 'BIN$vHfBhcqGQvqYKa6jCvJ65Q==$0' not found
2024-04-15 22:01:15.777 - Object 'BIN$9AeTeNECSDKm1UEU79Hlhw==$0' owner 'BIN$0F9DIs/VRMe0x2+MYGAWEg==$0' not found
2024-04-15 22:01:15.777 - Object 'BIN$9XO1cYrKQnyXzO5ujBFDeg==$0' owner 'BIN$P2oVvw4uSoOt3iuKiTImdw==$0' not found
2024-04-15 22:01:15.777 - Object 'BIN$9kRG1tGuSHqOn5joyx6qog==$0' owner 'BIN$TXhXEyZlSq2rFoYND/lOOg==$0' not found
2024-04-15 22:01:15.777 - Object 'BIN$9kRG1tGuSHqOn5joyx6qog==$0' owner 'BIN$TXhXEyZlSq2rFoYND/lOOg==$0' not found
2024-04-15 22:01:15.778 - Object 'BIN$A9PLg3alRQqEZqSQRV72Eg==$0' owner 'BIN$aI8Ktk5+Q0abcK553VU6Vg==$0' not found
2024-04-15 22:01:15.778 - Object 'BIN$BWxmBJRLTiWz7eaSuOAvWg==$0' owner 'BIN$b2b9mujOSHSQuw/szlcVtg==$0' not found
2024-04-15 22:01:15.778 - Object 'BIN$ByrlwQ0lSIWtriihT8s9QA==$0' owner 'BIN$oW+zeHh9T3aI334i59ZVuw==$0' not found
2024-04-15 22:01:15.778 - Object 'BIN$CMlYLdhuQU2/fnKNk6kw/A==$0' owner 'BIN$aI8Ktk5+Q0abcK553VU6Vg==$0' not found
2024-04-15 22:01:15.778 - Object 'BIN$DejGOn54TtaZf5ut2QoL0Q==$0' owner 'BIN$/jeQDveLTruy0Ho791gg6g==$0' not found
2024-04-15 22:01:15.778 - Object 'BIN$Dt2nSa4GRgegaXcN+l6j5Q==$0' owner 'BIN$+d9o1VTCT3W6sUl+7+lvFg==$0' not found
2024-04-15 22:01:15.778 - Object 'BIN$E1XUS6ykRcGriB8vVZgFoQ==$0' owner 'BIN$9XFU0uSRRQ+cim0359oOtQ==$0' not found
2024-04-15 22:01:15.778 - Object 'BIN$G+bS/GwbSDCIYAcX69db6A==$0' owner 'BIN$5N6tymVgSl2tMfP0peFZmg==$0' not found
2024-04-15 22:01:15.778 - Object 'BIN$HmEEVAR6T9WAOMWCw0su5A==$0' owner 'BIN$Pu7KsWxSQV+sm9haN3RRqw==$0' not found
2024-04-15 22:01:15.778 - Object 'BIN$ISNJmUVfQY6okhfZ7gIA+w==$0' owner 'BIN$g1cldF56Ts2BoGluQe7OqQ==$0' not found
2024-04-15 22:01:15.778 - Object 'BIN$KnvBHxJhRN2yfjg0Z/oFgg==$0' owner 'BIN$jhpZpt8mQzC3K5w5qYVDQQ==$0' not found
2024-04-15 22:01:15.778 - Object 'BIN$MrF7Hax/SZe1WjFEfDtr1A==$0' owner 'BIN$oW+zeHh9T3aI334i59ZVuw==$0' not found
2024-04-15 22:01:15.779 - Object 'BIN$OgoX81UMQDiVnC4xjKjJnw==$0' owner 'BIN$P2oVvw4uSoOt3iuKiTImdw==$0' not found
2024-04-15 22:01:15.779 - Object 'BIN$OonKrZwFRfqkWo+s9ME4Nw==$0' owner 'BIN$NK7jBHTYQ8Co0K+XmSqPyg==$0' not found
2024-04-15 22:01:15.779 - Object 'BIN$Qh8JTEW7QsiXQa5d7T2saQ==$0' owner 'BIN$/jeQDveLTruy0Ho791gg6g==$0' not found
2024-04-15 22:01:15.779 - Object 'BIN$RnYpiKMOTBmq6K0HEnRjdQ==$0' owner 'BIN$1g5uPvs8QUG9nmM9wINSag==$0' not found
2024-04-15 22:01:15.779 - Object 'BIN$SQ5p3BQpQDKXCgTX3jwreg==$0' owner 'BIN$hRS+KmxeT8+TZOWNyBuDEA==$0' not found
2024-04-15 22:01:15.779 - Object 'BIN$T3D1hoDbQuCSeNNS11gd2g==$0' owner 'BIN$1g5uPvs8QUG9nmM9wINSag==$0' not found
2024-04-15 22:01:15.779 - Object 'BIN$Tk+q0e3rSdyyXktB9tF12g==$0' owner 'BIN$wugKW+FnSb21EC8Ir5JVZQ==$0' not found
2024-04-15 22:01:15.779 - Object 'BIN$UDHbR+dbRVWnE61gw1wc/Q==$0' owner 'BIN$+quTUERPSyuJjOvkRPZefA==$0' not found
2024-04-15 22:01:15.779 - Object 'BIN$WfJNvPauTnev/L0U1O7ytw==$0' owner 'BIN$/jeQDveLTruy0Ho791gg6g==$0' not found
2024-04-15 22:01:15.779 - Object 'BIN$YngD2o5OQTKZvoCXIBK03A==$0' owner 'BIN$9XFU0uSRRQ+cim0359oOtQ==$0' not found
2024-04-15 22:01:15.779 - Object 'BIN$ZsSZCubTS1qqSV9CtEGzoA==$0' owner 'BIN$26xHWnD8RJixq7r9hUkqlA==$0' not found
2024-04-15 22:01:15.779 - Object 'BIN$advNzKiBTB+ZrXVpoEUElQ==$0' owner 'BIN$9XFU0uSRRQ+cim0359oOtQ==$0' not found
2024-04-15 22:01:15.780 - Object 'BIN$bfpseh39TiKRt6gHrQsfDQ==$0' owner 'BIN$c6q00VmwTISvIQGMd/gVqQ==$0' not found
2024-04-15 22:01:15.780 - Object 'BIN$bpSJ/diAQz+VBu8mcdZ/ZA==$0' owner 'BIN$EB9xGQijTsGA9769gw0vXA==$0' not found
2024-04-15 22:01:15.780 - Object 'BIN$cD7WtpikRnCjehTqgpuu8Q==$0' owner 'BIN$7bZTxYc2SV+B4T8HocKU8w==$0' not found
2024-04-15 22:01:15.780 - Object 'BIN$hRzahY0aR9SXw4JSfKwW4g==$0' owner 'BIN$26xHWnD8RJixq7r9hUkqlA==$0' not found
2024-04-15 22:01:15.780 - Object 'BIN$iKW9mwrAS6WRvqGlPBHYoQ==$0' owner 'BIN$26xHWnD8RJixq7r9hUkqlA==$0' not found
2024-04-15 22:01:15.780 - Object 'BIN$itYWyefwS9S6qaZWQnrs0Q==$0' owner 'BIN$Y1log9kSSIaq22yiYR4WCw==$0' not found
2024-04-15 22:01:15.780 - Object 'BIN$jXSQBd8UR1Cnn8pT5wR5EA==$0' owner 'BIN$aI8Ktk5+Q0abcK553VU6Vg==$0' not found
2024-04-15 22:01:15.780 - Object 'BIN$kIiKSmpXSoq9xtxDRf/0/w==$0' owner 'BIN$oW+zeHh9T3aI334i59ZVuw==$0' not found
2024-04-15 22:01:15.780 - Object 'BIN$l3Yw2YEvT5itfDzWa75Lrg==$0' owner 'BIN$BHeNdxb9SLOFRE9G0iCy2A==$0' not found
2024-04-15 22:01:15.780 - Object 'BIN$llil0us9S4a3QzThqK4bHg==$0' owner 'BIN$Y1log9kSSIaq22yiYR4WCw==$0' not found
2024-04-15 22:01:15.780 - Object 'BIN$lpZL00HFSpKDH0URYQl+Fg==$0' owner 'BIN$/jeQDveLTruy0Ho791gg6g==$0' not found
2024-04-15 22:01:15.780 - Object 'BIN$q2CmAKcPRhm2nKorerwJAQ==$0' owner 'BIN$fJXqC9qHSUC7lx9q3EwUbw==$0' not found
2024-04-15 22:01:15.780 - Object 'BIN$q2CmAKcPRhm2nKorerwJAQ==$0' owner 'BIN$fJXqC9qHSUC7lx9q3EwUbw==$0' not found
2024-04-15 22:01:15.780 - Object 'BIN$tEP8cwaYSlK46dD6WehY9A==$0' owner 'BIN$aI8Ktk5+Q0abcK553VU6Vg==$0' not found
2024-04-15 22:01:15.781 - Object 'BIN$tFwbbpDLRa2rpn6rF0GeJg==$0' owner 'BIN$YsPILjMGR6C6IT9blvHDBw==$0' not found
2024-04-15 22:01:15.781 - Object 'BIN$ujEx+vNIQxqRXS1CZU7Ijw==$0' owner 'BIN$oW+zeHh9T3aI334i59ZVuw==$0' not found
2024-04-15 22:01:15.781 - Object 'BIN$vVgoZ5K/S5KQYK+OU+hsiA==$0' owner 'BIN$26xHWnD8RJixq7r9hUkqlA==$0' not found
2024-04-15 22:01:15.781 - Object 'BIN$wBSdxQG3TK+xp9Zoee0x6Q==$0' owner 'BIN$1g5uPvs8QUG9nmM9wINSag==$0' not found
2024-04-15 22:01:15.781 - Object 'BIN$xcu7i3ZJRuiFImtlIFL+YQ==$0' owner 'BIN$9XFU0uSRRQ+cim0359oOtQ==$0' not found
2024-04-15 22:01:15.781 - Object 'BIN$xsbHeTERRzqDlO7hMwqbqg==$0' owner 'BIN$NK7jBHTYQ8Co0K+XmSqPyg==$0' not found
2024-04-15 22:01:15.781 - Object 'BIN$xutZVrhLSKuN2E/8AffQ6A==$0' owner 'BIN$oW+zeHh9T3aI334i59ZVuw==$0' not found
2024-04-15 22:19:21.558 - Execution context closed (localhost, 3)
2024-04-15 22:19:21.757 - DBeaver is stopping
2024-04-15 22:19:21.758 - Stop instance server
2024-04-15 22:19:22.763 - Instance server has been stopped
2024-04-15 22:19:22.764 - DBeaver shutdown completed
