2024-04-14 22:57:21.038 - DBeaver 24.0.1.202403241413 is starting
2024-04-14 22:57:21.039 - OS: Windows 10 10.0 (amd64)
2024-04-14 22:57:21.039 - Java version: 17.0.6 by Eclipse Adoptium (64bit)
2024-04-14 22:57:21.040 - Install path: 'C:\web_1900_yhj\8. java-spring-sw\resource\dbeaver-ce-24.0.1-win32.win32.x86_64\dbeaver'
2024-04-14 22:57:21.040 - Instance path: 'file:/C:/web_1900_yhj/8. java-spring-sw/dbeaver/'
2024-04-14 22:57:21.042 - Memory available 64Mb/1024Mb
2024-04-14 22:57:21.056 - Create display
> Start Eclipse IDE UI [org.eclipse.ui.ide 3.22.0.v20231102-1012]
2024-04-14 22:57:21.171 - Initialize desktop platform...
2024-04-14 22:57:21.277 - BounceCastle bundle found. Use JCE provider BC
> Start Core File Systems [org.eclipse.core.filesystem 1.10.200.v20231102-0934]
> Start Core Resource Management [org.eclipse.core.resources 3.20.0.v20231102-0934]
> Start 팀 지원 핵심 [org.eclipse.team.core 3.10.200.v20231106-1240]
> Start DBeaver UI Navigator [org.jkiss.dbeaver.ui.navigator 1.0.127.202403241413]
2024-04-14 22:57:21.502 - 
2024-04-14 22:57:21.502 - 	Refreshing workspace.
2024-04-14 22:57:21.503 - Refreshing workspace contents
2024-04-14 22:57:21.583 - Initialize base platform...
2024-04-14 22:57:21.601 - Platform initialized (430ms)
> Start DBeaver UI Editors - Base [org.jkiss.dbeaver.ui.editors.base 1.0.127.202403241413]
2024-04-14 22:57:21.642 - Starting instance server at http://localhost:56165
2024-04-14 22:57:21.648 - Run workbench
> Start Eclipse e4 작업영역 SWT [org.eclipse.e4.ui.workbench.swt 0.17.200.v20231030-2045]
> Start Eclipse Application Services [org.eclipse.e4.core.services 2.4.200.v20231103-2012]
> Start Eclipse UI Application Services [org.eclipse.e4.ui.services 1.6.200.v20231030-2045]
> Start Eclipse e4 Progress View [org.eclipse.e4.ui.progress 0.4.200.v20231030-2045]
> Start Eclipse Bindings Support [org.eclipse.e4.ui.bindings 0.14.200.v20231030-2045]
> Start Eclipse e4 core commands [org.eclipse.e4.core.commands 1.1.200.v20231108-1058]
> Start EMF XML/XMI Persistence [org.eclipse.emf.ecore.xmi 2.36.0.v20231002-1156]
> Start Eclipse CSS SWT Theme Support [org.eclipse.e4.ui.css.swt.theme 0.14.200.v20230913-1724]
> Start Eclipse e4 작업영역 기능 추가 [org.eclipse.e4.ui.workbench.addons.swt 1.5.200.v20231106-1600]
> Start Eclipse e4 작업영역 SWT 렌더러 [org.eclipse.e4.ui.workbench.renderers.swt 0.16.200.v20231030-2045]
> Start Eclipse Dependency Injection Extensions [org.eclipse.e4.core.di.extensions 0.18.100.v20231103-2012]
> Start Eclipse CSS SWT Support [org.eclipse.e4.ui.css.swt 0.15.200.v20231025-0632]
> Start jna [com.sun.jna 5.13.0.v20230812-1000]
2024-04-14 22:57:22.773 - Configure workbench window
> Start DBeaver SQL Model [org.jkiss.dbeaver.model.sql 1.0.117.202403241413]
2024-04-14 22:57:22.891 - Total database drivers: 112 (112)
> Start 도움말 시스템 코어 [org.eclipse.help 3.10.200.v20231106-1240]
2024-04-14 22:57:22.979 - Create actions
2024-04-14 22:57:22.987 - Disable Eclipse action set 'org.eclipse.ui.edit.text.actionSet.annotationNavigation'
2024-04-14 22:57:22.988 - Disable Eclipse action set 'org.eclipse.ui.WorkingSetActionSet'
2024-04-14 22:57:22.988 - Disable Eclipse action set 'org.eclipse.ui.actionSet.openFiles'
2024-04-14 22:57:23.771 - Initialize workbench window
2024-04-14 22:57:23.774 - Finish initialization
> Start DBeaver UI Editors - Data [org.jkiss.dbeaver.ui.editors.data 1.0.127.202403241413]
> Start 인터넷 연결 관리 사용자 인터페이스 [org.eclipse.ui.net 1.5.200.v20231106-1240]
> Start Internet Connection Management [org.eclipse.core.net 1.5.200.v20231106-1240]
Warning: NLS unused message: actions_navigator__objects in: org.jkiss.dbeaver.ui.editors.sql.internal.SQLEditorMessages
> Start DBeaver UI Editors - SQL [org.jkiss.dbeaver.ui.editors.sql 1.0.127.202403241413]
> Start GEF Classic Draw2d [org.eclipse.draw2d 3.14.100.202311222042]
> Start GEF Classic GEF (MVC) [org.eclipse.gef 3.16.0.202311222042]
> Start DBeaver ERD UI [org.jkiss.dbeaver.erd.ui 3.0.87.202403241413]
> Start DBeaver ERD Model [org.jkiss.dbeaver.erd.model 1.0.87.202403241413]
> Start 기본 문서 편집기 [org.eclipse.ui.editors 3.17.100.v20231106-1600]
> Start 텍스트 편집기 프레임워크 [org.eclipse.ui.workbench.texteditor 3.17.200.v20231106-1600]
> Start DBeaver Sample Database [org.jkiss.dbeaver.ext.sample.database 1.0.164.202403241413]
> Start DBeaver Tip of the day [org.jkiss.dbeaver.ext.ui.tipoftheday 1.0.133.202403241413]
2024-04-14 22:57:26.982 - Open [https://dbeaver.io/product/version.xml]
> Start DBeaver UI Editors - Connections [org.jkiss.dbeaver.ui.editors.connection 1.0.118.202403241413]
Warning: NLS unused message: FileDescription_NewFileProgress in: org.eclipse.ui.internal.ide.undo.messages
Warning: NLS unused message: FileDescription_ContentsCouldNotBeRestored in: org.eclipse.ui.internal.ide.undo.messages
Warning: NLS unused message: FolderDescription_NewFolderProgress in: org.eclipse.ui.internal.ide.undo.messages
Warning: NLS unused message: FolderDescription_SavingUndoInfoProgress in: org.eclipse.ui.internal.ide.undo.messages
> Start DBeaver Oracle UI [org.jkiss.dbeaver.ext.oracle.ui 1.0.114.202403241413]
> Start DBeaver Oracle Model [org.jkiss.dbeaver.ext.oracle 2.1.212.202403241413]
> Start DBeaver JDBC Model [org.jkiss.dbeaver.model.jdbc 1.0.20.202403241413]
2024-04-14 22:57:51.328 - Auth model 'native' was replaced by 'oracle_native'
2024-04-14 22:57:51.352 - Service 'org.jkiss.dbeaver.runtime.ui.UIServiceSecurity' not found
2024-04-14 22:57:59.296 - Open [https://repo1.maven.org/maven2/com/oracle/database/jdbc/ojdbc11/23.2.0.0/ojdbc11-23.2.0.0.pom]
2024-04-14 22:57:59.853 - Open [https://repo1.maven.org/maven2/com/oracle/database/nls/orai18n/23.2.0.0/orai18n-23.2.0.0.pom]
2024-04-14 22:57:59.998 - Open [https://repo1.maven.org/maven2/com/oracle/database/xml/xdb6/18.3.0.0/xdb6-18.3.0.0.pom]
2024-04-14 22:58:00.143 - Open [https://repo1.maven.org/maven2/com/oracle/database/xml/xmlparserv2/18.3.0.0/xmlparserv2-18.3.0.0.pom]
2024-04-14 22:58:00.286 - Open [https://repo1.maven.org/maven2/com/oracle/database/xml/xmlparserv2/23.2.0.0/xmlparserv2-23.2.0.0.pom]
2024-04-14 22:58:19.080 - Connect with 'jdbc:oracle:thin:@//localhost:1521/XE' (oracle_thin-18edce686cc-6c7d76aa7d74c61d)
2024-04-14 22:58:19.103 - Execution context opened (jdbc:oracle:thin:@//localhost:1521/XE; Main; 0)
2024-04-14 22:58:19.408 - Connected (oracle_thin-18edce686cc-6c7d76aa7d74c61d, Oracle JDBC driver [11.2.0.2.0])
2024-04-14 22:58:19.422 - Execution context closed (jdbc:oracle:thin:@//localhost:1521/XE, 0)
2024-04-14 22:58:19.422 - Disconnected (oracle_thin-18edce686cc-6c7d76aa7d74c61d)
2024-04-14 23:08:56.265 - DBeaver is stopping
2024-04-14 23:08:56.265 - Stop instance server
2024-04-14 23:08:57.277 - DBeaver shutdown completed
